nohup: 忽略输入
/home/szlei/anaconda3/lib/python3.6/site-packages/tensorflow/python/framework/dtypes.py:516: FutureWarning: Passing (type, 1) or '1type' as a synonym of type is deprecated; in a future version of numpy, it will be understood as (type, (1,)) / '(1,)type'.
  _np_qint8 = np.dtype([("qint8", np.int8, 1)])
/home/szlei/anaconda3/lib/python3.6/site-packages/tensorflow/python/framework/dtypes.py:517: FutureWarning: Passing (type, 1) or '1type' as a synonym of type is deprecated; in a future version of numpy, it will be understood as (type, (1,)) / '(1,)type'.
  _np_quint8 = np.dtype([("quint8", np.uint8, 1)])
/home/szlei/anaconda3/lib/python3.6/site-packages/tensorflow/python/framework/dtypes.py:518: FutureWarning: Passing (type, 1) or '1type' as a synonym of type is deprecated; in a future version of numpy, it will be understood as (type, (1,)) / '(1,)type'.
  _np_qint16 = np.dtype([("qint16", np.int16, 1)])
/home/szlei/anaconda3/lib/python3.6/site-packages/tensorflow/python/framework/dtypes.py:519: FutureWarning: Passing (type, 1) or '1type' as a synonym of type is deprecated; in a future version of numpy, it will be understood as (type, (1,)) / '(1,)type'.
  _np_quint16 = np.dtype([("quint16", np.uint16, 1)])
/home/szlei/anaconda3/lib/python3.6/site-packages/tensorflow/python/framework/dtypes.py:520: FutureWarning: Passing (type, 1) or '1type' as a synonym of type is deprecated; in a future version of numpy, it will be understood as (type, (1,)) / '(1,)type'.
  _np_qint32 = np.dtype([("qint32", np.int32, 1)])
/home/szlei/anaconda3/lib/python3.6/site-packages/tensorflow/python/framework/dtypes.py:525: FutureWarning: Passing (type, 1) or '1type' as a synonym of type is deprecated; in a future version of numpy, it will be understood as (type, (1,)) / '(1,)type'.
  np_resource = np.dtype([("resource", np.ubyte, 1)])
/home/szlei/anaconda3/lib/python3.6/site-packages/tensorboard/compat/tensorflow_stub/dtypes.py:541: FutureWarning: Passing (type, 1) or '1type' as a synonym of type is deprecated; in a future version of numpy, it will be understood as (type, (1,)) / '(1,)type'.
  _np_qint8 = np.dtype([("qint8", np.int8, 1)])
/home/szlei/anaconda3/lib/python3.6/site-packages/tensorboard/compat/tensorflow_stub/dtypes.py:542: FutureWarning: Passing (type, 1) or '1type' as a synonym of type is deprecated; in a future version of numpy, it will be understood as (type, (1,)) / '(1,)type'.
  _np_quint8 = np.dtype([("quint8", np.uint8, 1)])
/home/szlei/anaconda3/lib/python3.6/site-packages/tensorboard/compat/tensorflow_stub/dtypes.py:543: FutureWarning: Passing (type, 1) or '1type' as a synonym of type is deprecated; in a future version of numpy, it will be understood as (type, (1,)) / '(1,)type'.
  _np_qint16 = np.dtype([("qint16", np.int16, 1)])
/home/szlei/anaconda3/lib/python3.6/site-packages/tensorboard/compat/tensorflow_stub/dtypes.py:544: FutureWarning: Passing (type, 1) or '1type' as a synonym of type is deprecated; in a future version of numpy, it will be understood as (type, (1,)) / '(1,)type'.
  _np_quint16 = np.dtype([("quint16", np.uint16, 1)])
/home/szlei/anaconda3/lib/python3.6/site-packages/tensorboard/compat/tensorflow_stub/dtypes.py:545: FutureWarning: Passing (type, 1) or '1type' as a synonym of type is deprecated; in a future version of numpy, it will be understood as (type, (1,)) / '(1,)type'.
  _np_qint32 = np.dtype([("qint32", np.int32, 1)])
/home/szlei/anaconda3/lib/python3.6/site-packages/tensorboard/compat/tensorflow_stub/dtypes.py:550: FutureWarning: Passing (type, 1) or '1type' as a synonym of type is deprecated; in a future version of numpy, it will be understood as (type, (1,)) / '(1,)type'.
  np_resource = np.dtype([("resource", np.ubyte, 1)])
WARNING:tensorflow:From detector.py:49: The name tf.ConfigProto is deprecated. Please use tf.compat.v1.ConfigProto instead.

WARNING:tensorflow:From detector.py:55: The name tf.Session is deprecated. Please use tf.compat.v1.Session instead.

2020-11-25 20:19:39.281399: I tensorflow/core/platform/cpu_feature_guard.cc:145] This TensorFlow binary is optimized with Intel(R) MKL-DNN to use the following CPU instructions in performance critical operations:  SSE4.1 SSE4.2 AVX AVX2 FMA
To enable them in non-MKL-DNN operations, rebuild TensorFlow with the appropriate compiler flags.
2020-11-25 20:19:39.292244: I tensorflow/core/platform/profile_utils/cpu_utils.cc:94] CPU Frequency: 2097510000 Hz
2020-11-25 20:19:39.295409: I tensorflow/compiler/xla/service/service.cc:168] XLA service 0x55c7dab03410 executing computations on platform Host. Devices:
2020-11-25 20:19:39.295449: I tensorflow/compiler/xla/service/service.cc:175]   StreamExecutor device (0): <undefined>, <undefined>
OMP: Info #154: KMP_AFFINITY: Initial OS proc set respected: 0-31
OMP: Info #214: KMP_AFFINITY: decoding x2APIC ids.
OMP: Info #156: KMP_AFFINITY: 32 available OS procs
OMP: Info #157: KMP_AFFINITY: Uniform topology
OMP: Info #285: KMP_AFFINITY: topology layer "LL cache" is equivalent to "socket".
OMP: Info #285: KMP_AFFINITY: topology layer "L3 cache" is equivalent to "socket".
OMP: Info #285: KMP_AFFINITY: topology layer "L2 cache" is equivalent to "core".
OMP: Info #285: KMP_AFFINITY: topology layer "L1 cache" is equivalent to "core".
OMP: Info #191: KMP_AFFINITY: 2 sockets x 8 cores/socket x 2 threads/core (16 total cores)
OMP: Info #216: KMP_AFFINITY: OS proc to physical thread map:
OMP: Info #171: KMP_AFFINITY: OS proc 0 maps to socket 0 core 0 thread 0 
OMP: Info #171: KMP_AFFINITY: OS proc 16 maps to socket 0 core 0 thread 1 
OMP: Info #171: KMP_AFFINITY: OS proc 2 maps to socket 0 core 1 thread 0 
OMP: Info #171: KMP_AFFINITY: OS proc 18 maps to socket 0 core 1 thread 1 
OMP: Info #171: KMP_AFFINITY: OS proc 4 maps to socket 0 core 2 thread 0 
OMP: Info #171: KMP_AFFINITY: OS proc 20 maps to socket 0 core 2 thread 1 
OMP: Info #171: KMP_AFFINITY: OS proc 6 maps to socket 0 core 3 thread 0 
OMP: Info #171: KMP_AFFINITY: OS proc 22 maps to socket 0 core 3 thread 1 
OMP: Info #171: KMP_AFFINITY: OS proc 8 maps to socket 0 core 4 thread 0 
OMP: Info #171: KMP_AFFINITY: OS proc 24 maps to socket 0 core 4 thread 1 
OMP: Info #171: KMP_AFFINITY: OS proc 10 maps to socket 0 core 5 thread 0 
OMP: Info #171: KMP_AFFINITY: OS proc 26 maps to socket 0 core 5 thread 1 
OMP: Info #171: KMP_AFFINITY: OS proc 12 maps to socket 0 core 6 thread 0 
OMP: Info #171: KMP_AFFINITY: OS proc 28 maps to socket 0 core 6 thread 1 
OMP: Info #171: KMP_AFFINITY: OS proc 14 maps to socket 0 core 7 thread 0 
OMP: Info #171: KMP_AFFINITY: OS proc 30 maps to socket 0 core 7 thread 1 
OMP: Info #171: KMP_AFFINITY: OS proc 1 maps to socket 1 core 0 thread 0 
OMP: Info #171: KMP_AFFINITY: OS proc 17 maps to socket 1 core 0 thread 1 
OMP: Info #171: KMP_AFFINITY: OS proc 3 maps to socket 1 core 1 thread 0 
OMP: Info #171: KMP_AFFINITY: OS proc 19 maps to socket 1 core 1 thread 1 
OMP: Info #171: KMP_AFFINITY: OS proc 5 maps to socket 1 core 2 thread 0 
OMP: Info #171: KMP_AFFINITY: OS proc 21 maps to socket 1 core 2 thread 1 
OMP: Info #171: KMP_AFFINITY: OS proc 7 maps to socket 1 core 3 thread 0 
OMP: Info #171: KMP_AFFINITY: OS proc 23 maps to socket 1 core 3 thread 1 
OMP: Info #171: KMP_AFFINITY: OS proc 9 maps to socket 1 core 4 thread 0 
OMP: Info #171: KMP_AFFINITY: OS proc 25 maps to socket 1 core 4 thread 1 
OMP: Info #171: KMP_AFFINITY: OS proc 11 maps to socket 1 core 5 thread 0 
OMP: Info #171: KMP_AFFINITY: OS proc 27 maps to socket 1 core 5 thread 1 
OMP: Info #171: KMP_AFFINITY: OS proc 13 maps to socket 1 core 6 thread 0 
OMP: Info #171: KMP_AFFINITY: OS proc 29 maps to socket 1 core 6 thread 1 
OMP: Info #171: KMP_AFFINITY: OS proc 15 maps to socket 1 core 7 thread 0 
OMP: Info #171: KMP_AFFINITY: OS proc 31 maps to socket 1 core 7 thread 1 
OMP: Info #252: KMP_AFFINITY: pid 47210 tid 47210 thread 0 bound to OS proc set 0
2020-11-25 20:19:39.358975: I tensorflow/core/common_runtime/process_util.cc:115] Creating new thread pool with default inter op setting: 2. Tune using inter_op_parallelism_threads for best performance.
WARNING:tensorflow:From detector.py:56: load (from tensorflow.python.saved_model.loader_impl) is deprecated and will be removed in a future version.
Instructions for updating:
This function will only be available through the v1 compatibility library as tf.compat.v1.saved_model.loader.load or tf.compat.v1.saved_model.load. There will be a new function for importing SavedModels in Tensorflow 2.0.
WARNING:tensorflow:From /home/szlei/anaconda3/lib/python3.6/site-packages/tensorflow/python/training/saver.py:1276: checkpoint_exists (from tensorflow.python.training.checkpoint_management) is deprecated and will be removed in a future version.
Instructions for updating:
Use standard file APIs to check for files with this prefix.
2020-11-25 20:19:40.310058: W tensorflow/compiler/jit/mark_for_compilation_pass.cc:1412] (One-time warning): Not using XLA:CPU for cluster because envvar TF_XLA_FLAGS=--tf_xla_cpu_global_jit was not set.  If you want XLA:CPU, either set that envvar, or use experimental_jit_scope to enable XLA:CPU.  To confirm that XLA is active, pass --vmodule=xla_compilation_cache=1 (as a proper command-line flag, not via TF_XLA_FLAGS) or set the envvar XLA_FLAGS=--xla_hlo_profile.
OpenCV: FFMPEG: tag 0x44495658/'XVID' is not supported with codec id 12 and format 'mp4 / MP4 (MPEG-4 Part 14)'
OpenCV: FFMPEG: fallback to use tag 0x7634706d/'mp4v'
OMP: Info #252: KMP_AFFINITY: pid 47210 tid 47311 thread 1 bound to OS proc set 2
OMP: Info #252: KMP_AFFINITY: pid 47210 tid 47310 thread 2 bound to OS proc set 4
OMP: Info #252: KMP_AFFINITY: pid 47210 tid 47389 thread 3 bound to OS proc set 6
OMP: Info #252: KMP_AFFINITY: pid 47210 tid 47390 thread 4 bound to OS proc set 8
OMP: Info #252: KMP_AFFINITY: pid 47210 tid 47391 thread 5 bound to OS proc set 10
OMP: Info #252: KMP_AFFINITY: pid 47210 tid 47392 thread 6 bound to OS proc set 12
OMP: Info #252: KMP_AFFINITY: pid 47210 tid 47393 thread 7 bound to OS proc set 14
OMP: Info #252: KMP_AFFINITY: pid 47210 tid 47394 thread 8 bound to OS proc set 1
OMP: Info #252: KMP_AFFINITY: pid 47210 tid 47395 thread 9 bound to OS proc set 3
OMP: Info #252: KMP_AFFINITY: pid 47210 tid 47396 thread 10 bound to OS proc set 5
OMP: Info #252: KMP_AFFINITY: pid 47210 tid 47397 thread 11 bound to OS proc set 7
OMP: Info #252: KMP_AFFINITY: pid 47210 tid 47398 thread 12 bound to OS proc set 9
OMP: Info #252: KMP_AFFINITY: pid 47210 tid 47399 thread 13 bound to OS proc set 11
OMP: Info #252: KMP_AFFINITY: pid 47210 tid 47400 thread 14 bound to OS proc set 13
OMP: Info #252: KMP_AFFINITY: pid 47210 tid 47401 thread 15 bound to OS proc set 15
OMP: Info #252: KMP_AFFINITY: pid 47210 tid 47402 thread 16 bound to OS proc set 16
OMP: Info #252: KMP_AFFINITY: pid 47210 tid 47403 thread 17 bound to OS proc set 18
OMP: Info #252: KMP_AFFINITY: pid 47210 tid 47404 thread 18 bound to OS proc set 20
OMP: Info #252: KMP_AFFINITY: pid 47210 tid 47405 thread 19 bound to OS proc set 22
OMP: Info #252: KMP_AFFINITY: pid 47210 tid 47406 thread 20 bound to OS proc set 24
OMP: Info #252: KMP_AFFINITY: pid 47210 tid 47407 thread 21 bound to OS proc set 26
OMP: Info #252: KMP_AFFINITY: pid 47210 tid 47408 thread 22 bound to OS proc set 28
OMP: Info #252: KMP_AFFINITY: pid 47210 tid 47409 thread 23 bound to OS proc set 30
OMP: Info #252: KMP_AFFINITY: pid 47210 tid 47410 thread 24 bound to OS proc set 17
OMP: Info #252: KMP_AFFINITY: pid 47210 tid 47411 thread 25 bound to OS proc set 19
OMP: Info #252: KMP_AFFINITY: pid 47210 tid 47413 thread 27 bound to OS proc set 23
OMP: Info #252: KMP_AFFINITY: pid 47210 tid 47412 thread 26 bound to OS proc set 21
OMP: Info #252: KMP_AFFINITY: pid 47210 tid 47414 thread 28 bound to OS proc set 25
OMP: Info #252: KMP_AFFINITY: pid 47210 tid 47415 thread 29 bound to OS proc set 27
OMP: Info #252: KMP_AFFINITY: pid 47210 tid 47416 thread 30 bound to OS proc set 29
OMP: Info #252: KMP_AFFINITY: pid 47210 tid 47417 thread 31 bound to OS proc set 31
OMP: Info #252: KMP_AFFINITY: pid 47210 tid 47419 thread 33 bound to OS proc set 2
OMP: Info #252: KMP_AFFINITY: pid 47210 tid 47418 thread 32 bound to OS proc set 0
OMP: Info #252: KMP_AFFINITY: pid 47210 tid 47420 thread 34 bound to OS proc set 4
OMP: Info #252: KMP_AFFINITY: pid 47210 tid 47421 thread 35 bound to OS proc set 6
OMP: Info #252: KMP_AFFINITY: pid 47210 tid 47422 thread 36 bound to OS proc set 8
OMP: Info #252: KMP_AFFINITY: pid 47210 tid 47423 thread 37 bound to OS proc set 10
OMP: Info #252: KMP_AFFINITY: pid 47210 tid 47425 thread 39 bound to OS proc set 14
OMP: Info #252: KMP_AFFINITY: pid 47210 tid 47424 thread 38 bound to OS proc set 12
OMP: Info #252: KMP_AFFINITY: pid 47210 tid 47427 thread 41 bound to OS proc set 3
OMP: Info #252: KMP_AFFINITY: pid 47210 tid 47426 thread 40 bound to OS proc set 1
OMP: Info #252: KMP_AFFINITY: pid 47210 tid 47429 thread 43 bound to OS proc set 7
OMP: Info #252: KMP_AFFINITY: pid 47210 tid 47428 thread 42 bound to OS proc set 5
OMP: Info #252: KMP_AFFINITY: pid 47210 tid 47430 thread 44 bound to OS proc set 9
OMP: Info #252: KMP_AFFINITY: pid 47210 tid 47431 thread 45 bound to OS proc set 11
OMP: Info #252: KMP_AFFINITY: pid 47210 tid 47432 thread 46 bound to OS proc set 13
OMP: Info #252: KMP_AFFINITY: pid 47210 tid 47433 thread 47 bound to OS proc set 15
OMP: Info #252: KMP_AFFINITY: pid 47210 tid 47434 thread 48 bound to OS proc set 16
OMP: Info #252: KMP_AFFINITY: pid 47210 tid 47435 thread 49 bound to OS proc set 18
OMP: Info #252: KMP_AFFINITY: pid 47210 tid 47436 thread 50 bound to OS proc set 20
OMP: Info #252: KMP_AFFINITY: pid 47210 tid 47437 thread 51 bound to OS proc set 22
OMP: Info #252: KMP_AFFINITY: pid 47210 tid 47438 thread 52 bound to OS proc set 24
OMP: Info #252: KMP_AFFINITY: pid 47210 tid 47439 thread 53 bound to OS proc set 26
OMP: Info #252: KMP_AFFINITY: pid 47210 tid 47440 thread 54 bound to OS proc set 28
OMP: Info #252: KMP_AFFINITY: pid 47210 tid 47441 thread 55 bound to OS proc set 30
OMP: Info #252: KMP_AFFINITY: pid 47210 tid 47442 thread 56 bound to OS proc set 17
OMP: Info #252: KMP_AFFINITY: pid 47210 tid 47443 thread 57 bound to OS proc set 19
OMP: Info #252: KMP_AFFINITY: pid 47210 tid 47445 thread 59 bound to OS proc set 23
OMP: Info #252: KMP_AFFINITY: pid 47210 tid 47444 thread 58 bound to OS proc set 21
OMP: Info #252: KMP_AFFINITY: pid 47210 tid 47446 thread 60 bound to OS proc set 25
OMP: Info #252: KMP_AFFINITY: pid 47210 tid 47447 thread 61 bound to OS proc set 27
OMP: Info #252: KMP_AFFINITY: pid 47210 tid 47448 thread 62 bound to OS proc set 29
OMP: Info #252: KMP_AFFINITY: pid 47210 tid 47449 thread 63 bound to OS proc set 31
OMP: Info #252: KMP_AFFINITY: pid 47210 tid 47450 thread 64 bound to OS proc set 0
